<?xml version="1.0" encoding="UTF-8"?>
<!-- Generated by org.testng.reporters.JUnitReportReporter -->
<testsuite hostname="DESKTOP-65OKV1R" name="test.Demo3" tests="6" failures="0" timestamp="27 Mar 2022 12:34:38 GMT" time="0.045" errors="0">
  <testcase name="Weblogincarloan" time="0.016" classname="test.Demo3"/>
  <testcase name="Mobilelogincarloan" time="0.005" classname="test.Demo3"/>
  <testcase name="loginAPIcarloan" time="0.007" classname="test.Demo3"/>
  <testcase name="Mobilelogincarloan" time="0.008" classname="test.Demo3"/>
  <testcase name="onlycarloan" time="0.003" classname="test.Demo3"/>
  <testcase name="Mobilelogincarloan" time="0.006" classname="test.Demo3"/>
</testsuite> <!-- test.Demo3 -->
