<?xml version="1.0" encoding="UTF-8"?>
<!-- Generated by org.testng.reporters.JUnitReportReporter -->
<testsuite hostname="DESKTOP-65OKV1R" name="test.Demo" tests="1" failures="0" timestamp="8 Jun 2022 15:57:11 GMT" time="0.012" errors="0">
  <testcase name="demo" time="0.012" classname="test.Demo"/>
</testsuite> <!-- test.Demo -->
